[0.066s] Invoking command in '/home/bmes-endoscope-25/joystick_ws/build/joy': AMENT_PREFIX_PATH=/home/bmes-endoscope-25/joystick_ws/install/sdl2_vendor:${AMENT_PREFIX_PATH} CMAKE_PREFIX_PATH=/home/bmes-endoscope-25/joystick_ws/install/sdl2_vendor:/opt/ros/jazzy/opt/gz_math_vendor:/opt/ros/jazzy/opt/gz_utils_vendor:/opt/ros/jazzy/opt/gz_cmake_vendor:/opt/ros/jazzy DEBUGINFOD_URLS=https://debuginfod.ubuntu.com /usr/bin/cmake /home/bmes-endoscope-25/joystick_ws/src/joystick_drivers/joy -DCMAKE_INSTALL_PREFIX=/home/bmes-endoscope-25/joystick_ws/install/joy
[0.447s] -- The C compiler identification is GNU 13.3.0
[0.891s] -- The CXX compiler identification is GNU 13.3.0
[0.990s] -- Detecting C compiler ABI info
[1.626s] -- Detecting C compiler ABI info - done
[1.697s] -- Check for working C compiler: /usr/bin/cc - skipped
[1.702s] -- Detecting C compile features
[1.707s] -- Detecting C compile features - done
[1.783s] -- Detecting CXX compiler ABI info
[2.623s] -- Detecting CXX compiler ABI info - done
[2.695s] -- Check for working CXX compiler: /usr/bin/c++ - skipped
[2.699s] -- Detecting CXX compile features
[2.700s] -- Detecting CXX compile features - done
[2.730s] -- Found ament_cmake_ros: 0.12.0 (/opt/ros/jazzy/share/ament_cmake_ros/cmake)
[4.058s] -- Found Python3: /usr/bin/python3 (found version "3.12.3") found components: Interpreter 
[5.134s] -- Found rclcpp: 28.1.6 (/opt/ros/jazzy/share/rclcpp/cmake)
[5.572s] -- Found rosidl_generator_c: 4.6.5 (/opt/ros/jazzy/share/rosidl_generator_c/cmake)
[5.703s] -- Found rosidl_generator_cpp: 4.6.5 (/opt/ros/jazzy/share/rosidl_generator_cpp/cmake)
[5.843s] -- Using all available rosidl_typesupport_c: rosidl_typesupport_fastrtps_c;rosidl_typesupport_introspection_c
[5.994s] -- Using all available rosidl_typesupport_cpp: rosidl_typesupport_fastrtps_cpp;rosidl_typesupport_introspection_cpp
[6.582s] -- Found rmw_implementation_cmake: 7.3.1 (/opt/ros/jazzy/share/rmw_implementation_cmake/cmake)
[6.618s] -- Found rmw_fastrtps_cpp: 8.4.1 (/opt/ros/jazzy/share/rmw_fastrtps_cpp/cmake)
[7.376s] -- Found OpenSSL: /usr/lib/aarch64-linux-gnu/libcrypto.so (found version "3.0.13")  
[7.507s] -- Found FastRTPS: /opt/ros/jazzy/include (Required is at least version "2.13") 
[7.705s] -- Using RMW implementation 'rmw_fastrtps_cpp' as default
[8.481s] -- Found rclcpp_components: 28.1.6 (/opt/ros/jazzy/share/rclcpp_components/cmake)
[8.924s] -- Found sdl2_vendor: 3.3.0 (/home/bmes-endoscope-25/joystick_ws/install/sdl2_vendor/share/sdl2_vendor/cmake)
[9.049s] -- Found sensor_msgs: 5.3.5 (/opt/ros/jazzy/share/sensor_msgs/cmake)
[9.666s] -- Found ament_lint_auto: 0.17.1 (/opt/ros/jazzy/share/ament_lint_auto/cmake)
[11.122s] -- Added test 'cppcheck' to perform static code analysis on C / C++ code
[11.127s] -- Configured cppcheck include dirs: $<BUILD_INTERFACE:/home/bmes-endoscope-25/joystick_ws/src/joystick_drivers/joy/include>
[11.128s] -- Configured cppcheck exclude dirs and/or files: 
[11.160s] -- Added test 'cpplint' to check C / C++ code against the Google style
[11.161s] -- Configured cpplint exclude dirs and/or files: 
[11.174s] -- Added test 'flake8' to check Python code syntax and style conventions
[11.175s] -- Configured 'flake8' exclude dirs and/or files: 
[11.194s] -- Added test 'lint_cmake' to check CMake code style
[11.210s] -- Added test 'pep257' to check Python code against some of the docstring style conventions in PEP 257
[11.252s] -- Added test 'uncrustify' to check C / C++ code style
[11.253s] -- Configured uncrustify additional arguments: 
[11.267s] -- Added test 'xmllint' to check XML markup files
[11.313s] -- Configuring done (11.2s)
[11.692s] -- Generating done (0.3s)
[11.763s] -- Build files have been written to: /home/bmes-endoscope-25/joystick_ws/build/joy
[11.844s] Invoked command in '/home/bmes-endoscope-25/joystick_ws/build/joy' returned '0': AMENT_PREFIX_PATH=/home/bmes-endoscope-25/joystick_ws/install/sdl2_vendor:${AMENT_PREFIX_PATH} CMAKE_PREFIX_PATH=/home/bmes-endoscope-25/joystick_ws/install/sdl2_vendor:/opt/ros/jazzy/opt/gz_math_vendor:/opt/ros/jazzy/opt/gz_utils_vendor:/opt/ros/jazzy/opt/gz_cmake_vendor:/opt/ros/jazzy DEBUGINFOD_URLS=https://debuginfod.ubuntu.com /usr/bin/cmake /home/bmes-endoscope-25/joystick_ws/src/joystick_drivers/joy -DCMAKE_INSTALL_PREFIX=/home/bmes-endoscope-25/joystick_ws/install/joy
[11.850s] Invoking command in '/home/bmes-endoscope-25/joystick_ws/build/joy': AMENT_PREFIX_PATH=/home/bmes-endoscope-25/joystick_ws/install/sdl2_vendor:${AMENT_PREFIX_PATH} CMAKE_PREFIX_PATH=/home/bmes-endoscope-25/joystick_ws/install/sdl2_vendor:/opt/ros/jazzy/opt/gz_math_vendor:/opt/ros/jazzy/opt/gz_utils_vendor:/opt/ros/jazzy/opt/gz_cmake_vendor:/opt/ros/jazzy DEBUGINFOD_URLS=https://debuginfod.ubuntu.com /usr/bin/cmake --build /home/bmes-endoscope-25/joystick_ws/build/joy -- -j4 -l4
[12.662s] [ 10%] [32mBuilding CXX object CMakeFiles/joy_node.dir/rclcpp_components/node_main_joy_node.cpp.o[0m
[12.712s] [ 20%] [32mBuilding CXX object CMakeFiles/game_controller.dir/src/game_controller.cpp.o[0m
[12.719s] [ 30%] [32mBuilding CXX object CMakeFiles/game_controller_node.dir/rclcpp_components/node_main_game_controller_node.cpp.o[0m
[12.757s] [ 40%] [32mBuilding CXX object CMakeFiles/joy.dir/src/joy.cpp.o[0m
[66.872s] [ 50%] [32m[1mLinking CXX executable game_controller_node[0m
[67.366s] [ 60%] [32m[1mLinking CXX executable joy_node[0m
[68.437s] [ 60%] Built target game_controller_node
[69.172s] [ 60%] Built target joy_node
[84.162s] gmake[2]: *** wait: No child processes.  Stop.
[84.174s] gmake[2]: *** Waiting for unfinished jobs....
[84.176s] gmake[2]: *** wait: No child processes.  Stop.
[84.186s] gmake[1]: *** [CMakeFiles/Makefile2:197: CMakeFiles/game_controller.dir/all] Error 2
[84.187s] gmake[2]: *** wait: No child processes.  Stop.
[84.195s] gmake[2]: *** Waiting for unfinished jobs....
[84.197s] gmake[2]: *** wait: No child processes.  Stop.
[84.202s] gmake[1]: *** [CMakeFiles/Makefile2:145: CMakeFiles/joy.dir/all] Error 2
[84.255s] gmake: *** [Makefile:146: all] Interrupt
